<?xml version="1.0" encoding="UTF-8"?>
<testsuite name="testCases.TodoLyTest" tests="1" skipped="0" failures="0" errors="0" timestamp="2021-08-12T03:07:03" hostname="LAPTOP-Z3TA" time="39.543">
  <properties/>
  <testcase name="CreaciÃ³n de Proyecto" classname="testCases.TodoLyTest" time="39.543"/>
  <system-out><![CDATA[]]></system-out>
  <system-err><![CDATA[Starting ChromeDriver 92.0.4515.107 (87a818b10553a07434ea9e2b6dccf3cbe7895134-refs/branch-heads/4515@{#1634}) on port 8501
Only local connections are allowed.
Please see https://chromedriver.chromium.org/security-considerations for suggestions on keeping ChromeDriver safe.
ChromeDriver was started successfully.
ago. 11, 2021 11:07:09 P. M. org.openqa.selenium.remote.ProtocolHandshake createSession
INFORMACIÓN: Detected dialect: W3C
]]></system-err>
</testsuite>
